
> frontend@0.1.0 dev C:\Users\caleb_8h6kswm\Documents\GitHub\threatmatrix-ai\frontend
> next dev

node.exe : Γ¿» Failed to load next.config.ts, see 
more info here 
https://nextjs.org/docs/messages/next-config-error
At C:\Users\caleb_8h6kswm\AppData\Roaming\npm\pnpm
.ps1:24 char:5
+     & "node$exe"  
"$basedir/node_modules/pnpm/bin/pnpm.cjs" $args
+     ~~~~~~~~~~~~~~~~~~~~~~~~~~~~~~~~~~~~~~~~~~~~
~~~~~~~~~~~~~~~~~
    + CategoryInfo          : NotSpecified: (Γ¿»  
   Failed to l...xt-config-error:String) [], Rem  
  oteException
    + FullyQualifiedErrorId : NativeCommandError
 
Error: 
[next-intl] Could not locate request 
configuration module.

This path is supported by default: 
./(src/)i18n/request.{js,jsx,ts,tsx}

Alternatively, you can specify a custom location 
in your Next.js config:

const withNextIntl = createNextIntlPlugin(
  './path/to/i18n/request.tsx'
);

    at Object.<anonymous> (C:\Users\caleb_8h6kswm\
Documents\GitHub\threatmatrix-ai\frontend\next.con
fig.compiled.js:20:18)
[?25h
ΓÇëELIFECYCLEΓÇë Command failed with exit code 1.
